"" 

Tue Dec 24 2024 21:35:15:932 GMT+0530 (India Standard Time) -- Binary semantic version is v8.9.10
Tue Dec 24 2024 21:35:15:933 GMT+0530 (India Standard Time) -- Setting output as extra verbose with request parsing
Tue Dec 24 2024 21:35:18:55 GMT+0530 (India Standard Time) -- [SUCCESS] You can now access your local server(s) in our remote browser

Tue Dec 24 2024 21:35:18:227 GMT+0530 (India Standard Time) -- Connecting to BrowserStack using WebSocket protocol...
Tue Dec 24 2024 21:35:18:227 GMT+0530 (India Standard Time) -- Platform supports WebSocket connections.

Tue Dec 24 2024 21:35:18:341 GMT+0530 (India Standard Time) -- Press Ctrl-C to exit


Tue Dec 24 2024 21:35:18:345 GMT+0530 (India Standard Time) -- Starting configuration console on http://localhost:45454
Tue Dec 24 2024 21:36:07:651 GMT+0530 (India Standard Time) -- Request to: localhost.sensic.net:54325
Tue Dec 24 2024 21:36:07:651 GMT+0530 (India Standard Time) -- [PARSING HANDSHAKE][0][671734] Handshake request to localhost.sensic.net:54325
Tue Dec 24 2024 21:36:07:652 GMT+0530 (India Standard Time) -- Connecting to: localhost.sensic.net:54325
Tue Dec 24 2024 21:36:08:836 GMT+0530 (India Standard Time) -- Request to: localhost.sensic.net:54325
Tue Dec 24 2024 21:36:08:836 GMT+0530 (India Standard Time) -- [PARSING HANDSHAKE][0][671804] Handshake request to localhost.sensic.net:54325
Tue Dec 24 2024 21:36:08:837 GMT+0530 (India Standard Time) -- Connecting to: localhost.sensic.net:54325
Tue Dec 24 2024 21:36:09:718 GMT+0530 (India Standard Time) -- Connection to localhost.sensic.net:54325 failed with ECONNREFUSED
Tue Dec 24 2024 21:36:09:718 GMT+0530 (India Standard Time) -- Connecting to localhost.sensic.net:54325 with IPv6
Tue Dec 24 2024 21:36:09:724 GMT+0530 (India Standard Time) -- Connection to localhost.sensic.net:54325 failed with ENOTFOUND
Tue Dec 24 2024 21:36:09:724 GMT+0530 (India Standard Time) -- [ERROR] Connection to localhost.sensic.net:54325 without proxyfailed due to ENOTFOUND
Tue Dec 24 2024 21:36:09:725 GMT+0530 (India Standard Time) -- Failed connecting to: localhost.sensic.net:54325
Tue Dec 24 2024 21:36:09:784 GMT+0530 (India Standard Time) -- Request to: localhost.sensic.net:54325
Tue Dec 24 2024 21:36:09:784 GMT+0530 (India Standard Time) -- [PARSING HANDSHAKE][0][671862] Handshake request to localhost.sensic.net:54325
Tue Dec 24 2024 21:36:09:784 GMT+0530 (India Standard Time) -- Connecting to: localhost.sensic.net:54325
Tue Dec 24 2024 21:36:10:868 GMT+0530 (India Standard Time) -- Connection to localhost.sensic.net:54325 failed with ECONNREFUSED
Tue Dec 24 2024 21:36:10:868 GMT+0530 (India Standard Time) -- Connecting to localhost.sensic.net:54325 with IPv6
Tue Dec 24 2024 21:36:10:869 GMT+0530 (India Standard Time) -- Connection to localhost.sensic.net:54325 failed with ENOTFOUND
Tue Dec 24 2024 21:36:10:870 GMT+0530 (India Standard Time) -- [ERROR] Connection to localhost.sensic.net:54325 without proxyfailed due to ENOTFOUND
Tue Dec 24 2024 21:36:10:871 GMT+0530 (India Standard Time) -- Failed connecting to: localhost.sensic.net:54325
Tue Dec 24 2024 21:36:10:926 GMT+0530 (India Standard Time) -- Request to: localhost.sensic.net:54325
Tue Dec 24 2024 21:36:10:926 GMT+0530 (India Standard Time) -- [PARSING HANDSHAKE][0][671910] Handshake request to localhost.sensic.net:54325
Tue Dec 24 2024 21:36:10:926 GMT+0530 (India Standard Time) -- Connecting to: localhost.sensic.net:54325
Tue Dec 24 2024 21:36:11:418 GMT+0530 (India Standard Time) -- Request to: localhost.sensic.net:54325
Tue Dec 24 2024 21:36:11:418 GMT+0530 (India Standard Time) -- [PARSING HANDSHAKE][0][671940] Handshake request to localhost.sensic.net:54325
Tue Dec 24 2024 21:36:11:418 GMT+0530 (India Standard Time) -- Connecting to: localhost.sensic.net:54325
Tue Dec 24 2024 21:36:11:828 GMT+0530 (India Standard Time) -- Connection to localhost.sensic.net:54325 failed with ECONNREFUSED
Tue Dec 24 2024 21:36:11:829 GMT+0530 (India Standard Time) -- Connecting to localhost.sensic.net:54325 with IPv6
Tue Dec 24 2024 21:36:11:829 GMT+0530 (India Standard Time) -- Connection to localhost.sensic.net:54325 failed with ENOTFOUND
Tue Dec 24 2024 21:36:11:829 GMT+0530 (India Standard Time) -- [ERROR] Connection to localhost.sensic.net:54325 without proxyfailed due to ENOTFOUND
Tue Dec 24 2024 21:36:11:829 GMT+0530 (India Standard Time) -- Failed connecting to: localhost.sensic.net:54325
Tue Dec 24 2024 21:36:12:965 GMT+0530 (India Standard Time) -- Connection to localhost.sensic.net:54325 failed with ECONNREFUSED
Tue Dec 24 2024 21:36:12:965 GMT+0530 (India Standard Time) -- Connecting to localhost.sensic.net:54325 with IPv6
Tue Dec 24 2024 21:36:12:966 GMT+0530 (India Standard Time) -- Connection to localhost.sensic.net:54325 failed with ENOTFOUND
Tue Dec 24 2024 21:36:12:967 GMT+0530 (India Standard Time) -- [ERROR] Connection to localhost.sensic.net:54325 without proxyfailed due to ENOTFOUND
Tue Dec 24 2024 21:36:12:967 GMT+0530 (India Standard Time) -- Failed connecting to: localhost.sensic.net:54325
Tue Dec 24 2024 21:36:13:463 GMT+0530 (India Standard Time) -- Connection to localhost.sensic.net:54325 failed with ECONNREFUSED
Tue Dec 24 2024 21:36:13:463 GMT+0530 (India Standard Time) -- Connecting to localhost.sensic.net:54325 with IPv6
Tue Dec 24 2024 21:36:13:463 GMT+0530 (India Standard Time) -- Connection to localhost.sensic.net:54325 failed with ENOTFOUND
Tue Dec 24 2024 21:36:13:463 GMT+0530 (India Standard Time) -- [ERROR] Connection to localhost.sensic.net:54325 without proxyfailed due to ENOTFOUND
Tue Dec 24 2024 21:36:13:464 GMT+0530 (India Standard Time) -- Failed connecting to: localhost.sensic.net:54325
Tue Dec 24 2024 21:36:13:530 GMT+0530 (India Standard Time) -- Request to: localhost.sensic.net:54325
Tue Dec 24 2024 21:36:13:530 GMT+0530 (India Standard Time) -- [PARSING HANDSHAKE][0][671972] Handshake request to localhost.sensic.net:54325
Tue Dec 24 2024 21:36:13:530 GMT+0530 (India Standard Time) -- Connecting to: localhost.sensic.net:54325
Tue Dec 24 2024 21:36:15:563 GMT+0530 (India Standard Time) -- Connection to localhost.sensic.net:54325 failed with ECONNREFUSED
Tue Dec 24 2024 21:36:15:564 GMT+0530 (India Standard Time) -- Connecting to localhost.sensic.net:54325 with IPv6
Tue Dec 24 2024 21:36:15:567 GMT+0530 (India Standard Time) -- Connection to localhost.sensic.net:54325 failed with ENOTFOUND
Tue Dec 24 2024 21:36:15:567 GMT+0530 (India Standard Time) -- [ERROR] Connection to localhost.sensic.net:54325 without proxyfailed due to ENOTFOUND
Tue Dec 24 2024 21:36:15:568 GMT+0530 (India Standard Time) -- Failed connecting to: localhost.sensic.net:54325
Tue Dec 24 2024 21:36:18:727 GMT+0530 (India Standard Time) -- Request to: localhost.sensic.net:54325
Tue Dec 24 2024 21:36:18:727 GMT+0530 (India Standard Time) -- [PARSING HANDSHAKE][0][672127] Handshake request to localhost.sensic.net:54325
Tue Dec 24 2024 21:36:18:727 GMT+0530 (India Standard Time) -- Connecting to: localhost.sensic.net:54325
Tue Dec 24 2024 21:36:20:774 GMT+0530 (India Standard Time) -- Connection to localhost.sensic.net:54325 failed with ECONNREFUSED
Tue Dec 24 2024 21:36:20:775 GMT+0530 (India Standard Time) -- Connecting to localhost.sensic.net:54325 with IPv6
Tue Dec 24 2024 21:36:20:777 GMT+0530 (India Standard Time) -- Connection to localhost.sensic.net:54325 failed with ENOTFOUND
Tue Dec 24 2024 21:36:20:778 GMT+0530 (India Standard Time) -- [ERROR] Connection to localhost.sensic.net:54325 without proxyfailed due to ENOTFOUND
Tue Dec 24 2024 21:36:20:779 GMT+0530 (India Standard Time) -- Failed connecting to: localhost.sensic.net:54325
Tue Dec 24 2024 21:36:20:835 GMT+0530 (India Standard Time) -- Request to: localhost.sensic.net:54325
Tue Dec 24 2024 21:36:20:835 GMT+0530 (India Standard Time) -- [PARSING HANDSHAKE][0][672200] Handshake request to localhost.sensic.net:54325
Tue Dec 24 2024 21:36:20:835 GMT+0530 (India Standard Time) -- Connecting to: localhost.sensic.net:54325
Tue Dec 24 2024 21:36:22:18 GMT+0530 (India Standard Time) -- Request to: pxl.connexity.net:443
Tue Dec 24 2024 21:36:22:18 GMT+0530 (India Standard Time) -- [PARSING HANDSHAKE][0][672244] Handshake request to pxl.connexity.net:443
Tue Dec 24 2024 21:36:22:18 GMT+0530 (India Standard Time) -- Connecting to: pxl.connexity.net:443
Tue Dec 24 2024 21:36:22:25 GMT+0530 (India Standard Time) -- Connection to pxl.connexity.net:443 failed with ENOTFOUND
Tue Dec 24 2024 21:36:22:25 GMT+0530 (India Standard Time) -- Connecting to pxl.connexity.net:443 with IPv6
Tue Dec 24 2024 21:36:22:26 GMT+0530 (India Standard Time) -- Connection to pxl.connexity.net:443 failed with ENOTFOUND
Tue Dec 24 2024 21:36:22:26 GMT+0530 (India Standard Time) -- [ERROR] Connection to pxl.connexity.net:443 without proxyfailed due to ENOTFOUND
Tue Dec 24 2024 21:36:22:27 GMT+0530 (India Standard Time) -- Failed connecting to: pxl.connexity.net:443
Tue Dec 24 2024 21:36:22:81 GMT+0530 (India Standard Time) -- Request to: pxl.connexity.net:443
Tue Dec 24 2024 21:36:22:81 GMT+0530 (India Standard Time) -- [PARSING HANDSHAKE][0][672256] Handshake request to pxl.connexity.net:443
Tue Dec 24 2024 21:36:22:82 GMT+0530 (India Standard Time) -- Connecting to: pxl.connexity.net:443
Tue Dec 24 2024 21:36:22:82 GMT+0530 (India Standard Time) -- Connection to pxl.connexity.net:443 failed with ENOTFOUND
Tue Dec 24 2024 21:36:22:83 GMT+0530 (India Standard Time) -- Connecting to pxl.connexity.net:443 with IPv6
Tue Dec 24 2024 21:36:22:84 GMT+0530 (India Standard Time) -- Connection to pxl.connexity.net:443 failed with ENOTFOUND
Tue Dec 24 2024 21:36:22:84 GMT+0530 (India Standard Time) -- [ERROR] Connection to pxl.connexity.net:443 without proxyfailed due to ENOTFOUND
Tue Dec 24 2024 21:36:22:84 GMT+0530 (India Standard Time) -- Failed connecting to: pxl.connexity.net:443
Tue Dec 24 2024 21:36:22:170 GMT+0530 (India Standard Time) -- Request to: localhost.sensic.net:54325
Tue Dec 24 2024 21:36:22:170 GMT+0530 (India Standard Time) -- [PARSING HANDSHAKE][0][672268] Handshake request to localhost.sensic.net:54325
Tue Dec 24 2024 21:36:22:170 GMT+0530 (India Standard Time) -- Connecting to: localhost.sensic.net:54325
Tue Dec 24 2024 21:36:22:874 GMT+0530 (India Standard Time) -- Connection to localhost.sensic.net:54325 failed with ECONNREFUSED
Tue Dec 24 2024 21:36:22:874 GMT+0530 (India Standard Time) -- Connecting to localhost.sensic.net:54325 with IPv6
Tue Dec 24 2024 21:36:22:874 GMT+0530 (India Standard Time) -- Connection to localhost.sensic.net:54325 failed with ENOTFOUND
Tue Dec 24 2024 21:36:22:875 GMT+0530 (India Standard Time) -- [ERROR] Connection to localhost.sensic.net:54325 without proxyfailed due to ENOTFOUND
Tue Dec 24 2024 21:36:22:875 GMT+0530 (India Standard Time) -- Failed connecting to: localhost.sensic.net:54325
Tue Dec 24 2024 21:36:23:138 GMT+0530 (India Standard Time) -- Request to: pixel.advertising.com:443
Tue Dec 24 2024 21:36:23:138 GMT+0530 (India Standard Time) -- [PARSING HANDSHAKE][0][672304] Handshake request to pixel.advertising.com:443
Tue Dec 24 2024 21:36:23:138 GMT+0530 (India Standard Time) -- Connecting to: pixel.advertising.com:443
Tue Dec 24 2024 21:36:24:203 GMT+0530 (India Standard Time) -- Connection to localhost.sensic.net:54325 failed with ECONNREFUSED
Tue Dec 24 2024 21:36:24:203 GMT+0530 (India Standard Time) -- Connecting to localhost.sensic.net:54325 with IPv6
Tue Dec 24 2024 21:36:24:203 GMT+0530 (India Standard Time) -- Connection to localhost.sensic.net:54325 failed with ENOTFOUND
Tue Dec 24 2024 21:36:24:203 GMT+0530 (India Standard Time) -- [ERROR] Connection to localhost.sensic.net:54325 without proxyfailed due to ENOTFOUND
Tue Dec 24 2024 21:36:24:204 GMT+0530 (India Standard Time) -- Failed connecting to: localhost.sensic.net:54325
Tue Dec 24 2024 21:36:24:259 GMT+0530 (India Standard Time) -- Request to: localhost.sensic.net:54325
Tue Dec 24 2024 21:36:24:259 GMT+0530 (India Standard Time) -- [PARSING HANDSHAKE][0][672320] Handshake request to localhost.sensic.net:54325
Tue Dec 24 2024 21:36:24:259 GMT+0530 (India Standard Time) -- Connecting to: localhost.sensic.net:54325
Tue Dec 24 2024 21:36:26:276 GMT+0530 (India Standard Time) -- Connection to localhost.sensic.net:54325 failed with ECONNREFUSED
Tue Dec 24 2024 21:36:26:276 GMT+0530 (India Standard Time) -- Connecting to localhost.sensic.net:54325 with IPv6
Tue Dec 24 2024 21:36:26:278 GMT+0530 (India Standard Time) -- Connection to localhost.sensic.net:54325 failed with ENOTFOUND
Tue Dec 24 2024 21:36:26:278 GMT+0530 (India Standard Time) -- [ERROR] Connection to localhost.sensic.net:54325 without proxyfailed due to ENOTFOUND
Tue Dec 24 2024 21:36:26:279 GMT+0530 (India Standard Time) -- Failed connecting to: localhost.sensic.net:54325
Tue Dec 24 2024 21:36:31:150 GMT+0530 (India Standard Time) -- Request to: localhost.sensic.net:54325
Tue Dec 24 2024 21:36:31:150 GMT+0530 (India Standard Time) -- [PARSING HANDSHAKE][0][672454] Handshake request to localhost.sensic.net:54325
Tue Dec 24 2024 21:36:31:150 GMT+0530 (India Standard Time) -- Connecting to: localhost.sensic.net:54325
Tue Dec 24 2024 21:36:33:186 GMT+0530 (India Standard Time) -- Connection to localhost.sensic.net:54325 failed with ECONNREFUSED
Tue Dec 24 2024 21:36:33:187 GMT+0530 (India Standard Time) -- Connecting to localhost.sensic.net:54325 with IPv6
Tue Dec 24 2024 21:36:33:189 GMT+0530 (India Standard Time) -- Connection to localhost.sensic.net:54325 failed with ENOTFOUND
Tue Dec 24 2024 21:36:33:190 GMT+0530 (India Standard Time) -- [ERROR] Connection to localhost.sensic.net:54325 without proxyfailed due to ENOTFOUND
Tue Dec 24 2024 21:36:33:190 GMT+0530 (India Standard Time) -- Failed connecting to: localhost.sensic.net:54325
Tue Dec 24 2024 21:36:33:252 GMT+0530 (India Standard Time) -- Request to: localhost.sensic.net:54325
Tue Dec 24 2024 21:36:33:252 GMT+0530 (India Standard Time) -- [PARSING HANDSHAKE][0][672486] Handshake request to localhost.sensic.net:54325
Tue Dec 24 2024 21:36:33:252 GMT+0530 (India Standard Time) -- Connecting to: localhost.sensic.net:54325
Tue Dec 24 2024 21:36:35:300 GMT+0530 (India Standard Time) -- Connection to localhost.sensic.net:54325 failed with ECONNREFUSED
Tue Dec 24 2024 21:36:35:300 GMT+0530 (India Standard Time) -- Connecting to localhost.sensic.net:54325 with IPv6
Tue Dec 24 2024 21:36:35:301 GMT+0530 (India Standard Time) -- Connection to localhost.sensic.net:54325 failed with ENOTFOUND
Tue Dec 24 2024 21:36:35:301 GMT+0530 (India Standard Time) -- [ERROR] Connection to localhost.sensic.net:54325 without proxyfailed due to ENOTFOUND
Tue Dec 24 2024 21:36:35:301 GMT+0530 (India Standard Time) -- Failed connecting to: localhost.sensic.net:54325
Tue Dec 24 2024 21:36:38:628 GMT+0530 (India Standard Time) -- Request to: pxl.connexity.net:443
Tue Dec 24 2024 21:36:38:628 GMT+0530 (India Standard Time) -- [PARSING HANDSHAKE][4][6877318] Handshake request to pxl.connexity.net:443
Tue Dec 24 2024 21:36:38:628 GMT+0530 (India Standard Time) -- Connecting to: pxl.connexity.net:443
Tue Dec 24 2024 21:36:38:630 GMT+0530 (India Standard Time) -- Connection to pxl.connexity.net:443 failed with ENOTFOUND
Tue Dec 24 2024 21:36:38:631 GMT+0530 (India Standard Time) -- Connecting to pxl.connexity.net:443 with IPv6
Tue Dec 24 2024 21:36:38:631 GMT+0530 (India Standard Time) -- Connection to pxl.connexity.net:443 failed with ENOTFOUND
Tue Dec 24 2024 21:36:38:631 GMT+0530 (India Standard Time) -- [ERROR] Connection to pxl.connexity.net:443 without proxyfailed due to ENOTFOUND
Tue Dec 24 2024 21:36:38:631 GMT+0530 (India Standard Time) -- Failed connecting to: pxl.connexity.net:443
Tue Dec 24 2024 21:36:38:692 GMT+0530 (India Standard Time) -- Request to: pxl.connexity.net:443
Tue Dec 24 2024 21:36:38:692 GMT+0530 (India Standard Time) -- [PARSING HANDSHAKE][4][6877324] Handshake request to pxl.connexity.net:443
Tue Dec 24 2024 21:36:38:692 GMT+0530 (India Standard Time) -- Connecting to: pxl.connexity.net:443
Tue Dec 24 2024 21:36:38:693 GMT+0530 (India Standard Time) -- Connection to pxl.connexity.net:443 failed with ENOTFOUND
Tue Dec 24 2024 21:36:38:693 GMT+0530 (India Standard Time) -- Connecting to pxl.connexity.net:443 with IPv6
Tue Dec 24 2024 21:36:38:693 GMT+0530 (India Standard Time) -- Connection to pxl.connexity.net:443 failed with ENOTFOUND
Tue Dec 24 2024 21:36:38:693 GMT+0530 (India Standard Time) -- [ERROR] Connection to pxl.connexity.net:443 without proxyfailed due to ENOTFOUND
Tue Dec 24 2024 21:36:38:694 GMT+0530 (India Standard Time) -- Failed connecting to: pxl.connexity.net:443
Tue Dec 24 2024 21:36:44:181 GMT+0530 (India Standard Time) -- Connection to pixel.advertising.com:443 failed with ETIMEDOUT
Tue Dec 24 2024 21:36:49:692 GMT+0530 (India Standard Time) -- Request to: visitor.omnitagjs.com:443
Tue Dec 24 2024 21:36:49:692 GMT+0530 (India Standard Time) -- [PARSING HANDSHAKE][4][6877707] Handshake request to visitor.omnitagjs.com:443
Tue Dec 24 2024 21:36:49:692 GMT+0530 (India Standard Time) -- Connecting to: visitor.omnitagjs.com:443
Tue Dec 24 2024 21:36:49:879 GMT+0530 (India Standard Time) -- visitor.omnitagjs.com:443 socket connected.
Tue Dec 24 2024 21:36:49:880 GMT+0530 (India Standard Time) -- Connected to: 141.94.175.218
Tue Dec 24 2024 21:36:57:653 GMT+0530 (India Standard Time) -- Closing connection to localhost.sensic.net:54325 without proxy.Could not connect within 50s.
Tue Dec 24 2024 21:36:57:655 GMT+0530 (India Standard Time) -- [ERROR] Connection to localhost.sensic.net:54325 without proxyfailed due to TIMEOUT_CONNECTING
Tue Dec 24 2024 21:36:57:655 GMT+0530 (India Standard Time) -- Failed connecting to: localhost.sensic.net:54325
Tue Dec 24 2024 21:36:58:837 GMT+0530 (India Standard Time) -- Closing connection to localhost.sensic.net:54325 without proxy.Could not connect within 50s.
Tue Dec 24 2024 21:36:58:839 GMT+0530 (India Standard Time) -- [ERROR] Connection to localhost.sensic.net:54325 without proxyfailed due to TIMEOUT_CONNECTING
Tue Dec 24 2024 21:36:58:839 GMT+0530 (India Standard Time) -- Failed connecting to: localhost.sensic.net:54325
Tue Dec 24 2024 21:36:59:784 GMT+0530 (India Standard Time) -- Closing connection to localhost.sensic.net:54325 without proxy.Could not connect within 50s.
Tue Dec 24 2024 21:36:59:785 GMT+0530 (India Standard Time) -- [ERROR] Connection to localhost.sensic.net:54325 without proxyfailed due to TIMEOUT_CONNECTING
Tue Dec 24 2024 21:36:59:785 GMT+0530 (India Standard Time) -- Failed connecting to: localhost.sensic.net:54325
Tue Dec 24 2024 21:37:00:940 GMT+0530 (India Standard Time) -- Closing connection to localhost.sensic.net:54325 without proxy.Could not connect within 50s.
Tue Dec 24 2024 21:37:00:943 GMT+0530 (India Standard Time) -- [ERROR] Connection to localhost.sensic.net:54325 without proxyfailed due to TIMEOUT_CONNECTING
Tue Dec 24 2024 21:37:00:943 GMT+0530 (India Standard Time) -- Failed connecting to: localhost.sensic.net:54325
Tue Dec 24 2024 21:37:01:419 GMT+0530 (India Standard Time) -- Closing connection to localhost.sensic.net:54325 without proxy.Could not connect within 50s.
Tue Dec 24 2024 21:37:01:427 GMT+0530 (India Standard Time) -- [ERROR] Connection to localhost.sensic.net:54325 without proxyfailed due to TIMEOUT_CONNECTING
Tue Dec 24 2024 21:37:01:427 GMT+0530 (India Standard Time) -- Failed connecting to: localhost.sensic.net:54325
Tue Dec 24 2024 21:37:03:541 GMT+0530 (India Standard Time) -- Closing connection to localhost.sensic.net:54325 without proxy.Could not connect within 50s.
Tue Dec 24 2024 21:37:03:542 GMT+0530 (India Standard Time) -- [ERROR] Connection to localhost.sensic.net:54325 without proxyfailed due to TIMEOUT_CONNECTING
Tue Dec 24 2024 21:37:03:542 GMT+0530 (India Standard Time) -- Failed connecting to: localhost.sensic.net:54325
Tue Dec 24 2024 21:37:08:736 GMT+0530 (India Standard Time) -- Closing connection to localhost.sensic.net:54325 without proxy.Could not connect within 50s.
Tue Dec 24 2024 21:37:08:737 GMT+0530 (India Standard Time) -- [ERROR] Connection to localhost.sensic.net:54325 without proxyfailed due to TIMEOUT_CONNECTING
Tue Dec 24 2024 21:37:08:737 GMT+0530 (India Standard Time) -- Failed connecting to: localhost.sensic.net:54325
Tue Dec 24 2024 21:37:10:837 GMT+0530 (India Standard Time) -- Closing connection to localhost.sensic.net:54325 without proxy.Could not connect within 50s.
Tue Dec 24 2024 21:37:10:838 GMT+0530 (India Standard Time) -- [ERROR] Connection to localhost.sensic.net:54325 without proxyfailed due to TIMEOUT_CONNECTING
Tue Dec 24 2024 21:37:10:838 GMT+0530 (India Standard Time) -- Failed connecting to: localhost.sensic.net:54325
Tue Dec 24 2024 21:37:12:20 GMT+0530 (India Standard Time) -- Closing connection to pxl.connexity.net:443 without proxy.Could not connect within 50s.
Tue Dec 24 2024 21:37:12:21 GMT+0530 (India Standard Time) -- [ERROR] Connection to pxl.connexity.net:443 without proxyfailed due to TIMEOUT_CONNECTING
Tue Dec 24 2024 21:37:12:21 GMT+0530 (India Standard Time) -- Failed connecting to: pxl.connexity.net:443
Tue Dec 24 2024 21:37:12:85 GMT+0530 (India Standard Time) -- Closing connection to pxl.connexity.net:443 without proxy.Could not connect within 50s.
Tue Dec 24 2024 21:37:12:86 GMT+0530 (India Standard Time) -- [ERROR] Connection to pxl.connexity.net:443 without proxyfailed due to TIMEOUT_CONNECTING
Tue Dec 24 2024 21:37:12:86 GMT+0530 (India Standard Time) -- Failed connecting to: pxl.connexity.net:443
Tue Dec 24 2024 21:37:12:185 GMT+0530 (India Standard Time) -- Closing connection to localhost.sensic.net:54325 without proxy.Could not connect within 50s.
Tue Dec 24 2024 21:37:12:186 GMT+0530 (India Standard Time) -- [ERROR] Connection to localhost.sensic.net:54325 without proxyfailed due to TIMEOUT_CONNECTING
Tue Dec 24 2024 21:37:12:186 GMT+0530 (India Standard Time) -- Failed connecting to: localhost.sensic.net:54325
Tue Dec 24 2024 21:37:13:151 GMT+0530 (India Standard Time) -- Closing connection to pixel.advertising.com:443 without proxy.Could not connect within 50s.
Tue Dec 24 2024 21:37:13:152 GMT+0530 (India Standard Time) -- [ERROR] Connection to pixel.advertising.com:443 without proxyfailed due to TIMEOUT_CONNECTING
Tue Dec 24 2024 21:37:13:152 GMT+0530 (India Standard Time) -- Failed connecting to: pixel.advertising.com:443
Tue Dec 24 2024 21:37:14:267 GMT+0530 (India Standard Time) -- Closing connection to localhost.sensic.net:54325 without proxy.Could not connect within 50s.
Tue Dec 24 2024 21:37:14:269 GMT+0530 (India Standard Time) -- [ERROR] Connection to localhost.sensic.net:54325 without proxyfailed due to TIMEOUT_CONNECTING
Tue Dec 24 2024 21:37:14:269 GMT+0530 (India Standard Time) -- Failed connecting to: localhost.sensic.net:54325
Tue Dec 24 2024 21:37:18:735 GMT+0530 (India Standard Time) -- onXhrError
Tue Dec 24 2024 21:37:19:897 GMT+0530 (India Standard Time) -- onXhrError
Tue Dec 24 2024 21:37:20:831 GMT+0530 (India Standard Time) -- onXhrError
Tue Dec 24 2024 21:37:21:164 GMT+0530 (India Standard Time) -- Closing connection to localhost.sensic.net:54325 without proxy.Could not connect within 50s.
Tue Dec 24 2024 21:37:21:165 GMT+0530 (India Standard Time) -- [ERROR] Connection to localhost.sensic.net:54325 without proxyfailed due to TIMEOUT_CONNECTING
Tue Dec 24 2024 21:37:21:165 GMT+0530 (India Standard Time) -- Failed connecting to: localhost.sensic.net:54325
Tue Dec 24 2024 21:37:21:997 GMT+0530 (India Standard Time) -- onXhrError
Tue Dec 24 2024 21:37:22:480 GMT+0530 (India Standard Time) -- onXhrError
Tue Dec 24 2024 21:37:23:263 GMT+0530 (India Standard Time) -- Closing connection to localhost.sensic.net:54325 without proxy.Could not connect within 50s.
Tue Dec 24 2024 21:37:23:265 GMT+0530 (India Standard Time) -- [ERROR] Connection to localhost.sensic.net:54325 without proxyfailed due to TIMEOUT_CONNECTING
Tue Dec 24 2024 21:37:23:265 GMT+0530 (India Standard Time) -- Failed connecting to: localhost.sensic.net:54325
Tue Dec 24 2024 21:37:24:570 GMT+0530 (India Standard Time) -- onXhrError
Tue Dec 24 2024 21:37:28:631 GMT+0530 (India Standard Time) -- Closing connection to pxl.connexity.net:443 without proxy.Could not connect within 50s.
Tue Dec 24 2024 21:37:28:631 GMT+0530 (India Standard Time) -- [ERROR] Connection to pxl.connexity.net:443 without proxyfailed due to TIMEOUT_CONNECTING
Tue Dec 24 2024 21:37:28:632 GMT+0530 (India Standard Time) -- Failed connecting to: pxl.connexity.net:443
Tue Dec 24 2024 21:37:28:706 GMT+0530 (India Standard Time) -- Closing connection to pxl.connexity.net:443 without proxy.Could not connect within 50s.
Tue Dec 24 2024 21:37:28:706 GMT+0530 (India Standard Time) -- [ERROR] Connection to pxl.connexity.net:443 without proxyfailed due to TIMEOUT_CONNECTING
Tue Dec 24 2024 21:37:28:706 GMT+0530 (India Standard Time) -- Failed connecting to: pxl.connexity.net:443
Tue Dec 24 2024 21:37:29:780 GMT+0530 (India Standard Time) -- onXhrError
Tue Dec 24 2024 21:37:31:890 GMT+0530 (India Standard Time) -- onXhrError
Tue Dec 24 2024 21:37:33:66 GMT+0530 (India Standard Time) -- onXhrError
Tue Dec 24 2024 21:37:33:125 GMT+0530 (India Standard Time) -- onXhrError
Tue Dec 24 2024 21:37:33:210 GMT+0530 (India Standard Time) -- onXhrError
Tue Dec 24 2024 21:37:34:208 GMT+0530 (India Standard Time) -- onXhrError
Tue Dec 24 2024 21:37:35:307 GMT+0530 (India Standard Time) -- onXhrError
Tue Dec 24 2024 21:37:42:207 GMT+0530 (India Standard Time) -- onXhrError
Tue Dec 24 2024 21:37:44:315 GMT+0530 (India Standard Time) -- onXhrError
Tue Dec 24 2024 21:37:49:664 GMT+0530 (India Standard Time) -- onXhrError
Tue Dec 24 2024 21:37:49:746 GMT+0530 (India Standard Time) -- onXhrError
